ERROR - 2021-12-24 04:55:27 --> You have an error in your SQL syntax; check the manual that corresponds to your MariaDB server version for the right syntax to use near '.name as ApplicantName
      from jobseeker_jobdetails
      join job_seeker on ' at line 4
CRITICAL - 2021-12-24 04:55:27 --> You have an error in your SQL syntax; check the manual that corresponds to your MariaDB server version for the right syntax to use near '.name as ApplicantName
      from jobseeker_jobdetails
      join job_seeker on ' at line 4
#0 /Applications/XAMPP/xamppfiles/htdocs/futureseekerslk/system/Database/MySQLi/Connection.php(329): mysqli->query('SELECT Applican...')
#1 /Applications/XAMPP/xamppfiles/htdocs/futureseekerslk/system/Database/BaseConnection.php(732): CodeIgniter\Database\MySQLi\Connection->execute('SELECT Applican...')
#2 /Applications/XAMPP/xamppfiles/htdocs/futureseekerslk/system/Database/BaseConnection.php(647): CodeIgniter\Database\BaseConnection->simpleQuery('SELECT Applican...')
#3 /Applications/XAMPP/xamppfiles/htdocs/futureseekerslk/app/Controllers/AdminHome.php(109): CodeIgniter\Database\BaseConnection->query('SELECT Applican...')
#4 /Applications/XAMPP/xamppfiles/htdocs/futureseekerslk/system/CodeIgniter.php(928): App\Controllers\AdminHome->GenerateTopApplicantsAppliedData()
#5 /Applications/XAMPP/xamppfiles/htdocs/futureseekerslk/system/CodeIgniter.php(436): CodeIgniter\CodeIgniter->runController(Object(App\Controllers\AdminHome))
#6 /Applications/XAMPP/xamppfiles/htdocs/futureseekerslk/system/CodeIgniter.php(336): CodeIgniter\CodeIgniter->handleRequest(NULL, Object(Config\Cache), false)
#7 /Applications/XAMPP/xamppfiles/htdocs/futureseekerslk/public/index.php(37): CodeIgniter\CodeIgniter->run()
#8 /Applications/XAMPP/xamppfiles/htdocs/futureseekerslk/system/Commands/Server/rewrite.php(45): require_once('/Applications/X...')
#9 {main}
ERROR - 2021-12-24 04:55:31 --> You have an error in your SQL syntax; check the manual that corresponds to your MariaDB server version for the right syntax to use near '.name as ApplicantName
      from jobseeker_jobdetails
      join job_seeker on ' at line 4
CRITICAL - 2021-12-24 04:55:31 --> You have an error in your SQL syntax; check the manual that corresponds to your MariaDB server version for the right syntax to use near '.name as ApplicantName
      from jobseeker_jobdetails
      join job_seeker on ' at line 4
#0 /Applications/XAMPP/xamppfiles/htdocs/futureseekerslk/system/Database/MySQLi/Connection.php(329): mysqli->query('SELECT Applican...')
#1 /Applications/XAMPP/xamppfiles/htdocs/futureseekerslk/system/Database/BaseConnection.php(732): CodeIgniter\Database\MySQLi\Connection->execute('SELECT Applican...')
#2 /Applications/XAMPP/xamppfiles/htdocs/futureseekerslk/system/Database/BaseConnection.php(647): CodeIgniter\Database\BaseConnection->simpleQuery('SELECT Applican...')
#3 /Applications/XAMPP/xamppfiles/htdocs/futureseekerslk/app/Controllers/AdminHome.php(109): CodeIgniter\Database\BaseConnection->query('SELECT Applican...')
#4 /Applications/XAMPP/xamppfiles/htdocs/futureseekerslk/system/CodeIgniter.php(928): App\Controllers\AdminHome->GenerateTopApplicantsAppliedData()
#5 /Applications/XAMPP/xamppfiles/htdocs/futureseekerslk/system/CodeIgniter.php(436): CodeIgniter\CodeIgniter->runController(Object(App\Controllers\AdminHome))
#6 /Applications/XAMPP/xamppfiles/htdocs/futureseekerslk/system/CodeIgniter.php(336): CodeIgniter\CodeIgniter->handleRequest(NULL, Object(Config\Cache), false)
#7 /Applications/XAMPP/xamppfiles/htdocs/futureseekerslk/public/index.php(37): CodeIgniter\CodeIgniter->run()
#8 /Applications/XAMPP/xamppfiles/htdocs/futureseekerslk/system/Commands/Server/rewrite.php(45): require_once('/Applications/X...')
#9 {main}
ERROR - 2021-12-24 04:55:32 --> You have an error in your SQL syntax; check the manual that corresponds to your MariaDB server version for the right syntax to use near '.name as ApplicantName
      from jobseeker_jobdetails
      join job_seeker on ' at line 4
CRITICAL - 2021-12-24 04:55:32 --> You have an error in your SQL syntax; check the manual that corresponds to your MariaDB server version for the right syntax to use near '.name as ApplicantName
      from jobseeker_jobdetails
      join job_seeker on ' at line 4
#0 /Applications/XAMPP/xamppfiles/htdocs/futureseekerslk/system/Database/MySQLi/Connection.php(329): mysqli->query('SELECT Applican...')
#1 /Applications/XAMPP/xamppfiles/htdocs/futureseekerslk/system/Database/BaseConnection.php(732): CodeIgniter\Database\MySQLi\Connection->execute('SELECT Applican...')
#2 /Applications/XAMPP/xamppfiles/htdocs/futureseekerslk/system/Database/BaseConnection.php(647): CodeIgniter\Database\BaseConnection->simpleQuery('SELECT Applican...')
#3 /Applications/XAMPP/xamppfiles/htdocs/futureseekerslk/app/Controllers/AdminHome.php(109): CodeIgniter\Database\BaseConnection->query('SELECT Applican...')
#4 /Applications/XAMPP/xamppfiles/htdocs/futureseekerslk/system/CodeIgniter.php(928): App\Controllers\AdminHome->GenerateTopApplicantsAppliedData()
#5 /Applications/XAMPP/xamppfiles/htdocs/futureseekerslk/system/CodeIgniter.php(436): CodeIgniter\CodeIgniter->runController(Object(App\Controllers\AdminHome))
#6 /Applications/XAMPP/xamppfiles/htdocs/futureseekerslk/system/CodeIgniter.php(336): CodeIgniter\CodeIgniter->handleRequest(NULL, Object(Config\Cache), false)
#7 /Applications/XAMPP/xamppfiles/htdocs/futureseekerslk/public/index.php(37): CodeIgniter\CodeIgniter->run()
#8 /Applications/XAMPP/xamppfiles/htdocs/futureseekerslk/system/Commands/Server/rewrite.php(45): require_once('/Applications/X...')
#9 {main}
ERROR - 2021-12-24 04:56:00 --> You have an error in your SQL syntax; check the manual that corresponds to your MariaDB server version for the right syntax to use near '.name as ApplicantName
      from jobseeker_jobdetails
      join job_seeker on ' at line 4
CRITICAL - 2021-12-24 04:56:00 --> You have an error in your SQL syntax; check the manual that corresponds to your MariaDB server version for the right syntax to use near '.name as ApplicantName
      from jobseeker_jobdetails
      join job_seeker on ' at line 4
#0 /Applications/XAMPP/xamppfiles/htdocs/futureseekerslk/system/Database/MySQLi/Connection.php(329): mysqli->query('SELECT Applican...')
#1 /Applications/XAMPP/xamppfiles/htdocs/futureseekerslk/system/Database/BaseConnection.php(732): CodeIgniter\Database\MySQLi\Connection->execute('SELECT Applican...')
#2 /Applications/XAMPP/xamppfiles/htdocs/futureseekerslk/system/Database/BaseConnection.php(647): CodeIgniter\Database\BaseConnection->simpleQuery('SELECT Applican...')
#3 /Applications/XAMPP/xamppfiles/htdocs/futureseekerslk/app/Controllers/AdminHome.php(109): CodeIgniter\Database\BaseConnection->query('SELECT Applican...')
#4 /Applications/XAMPP/xamppfiles/htdocs/futureseekerslk/system/CodeIgniter.php(928): App\Controllers\AdminHome->GenerateTopApplicantsAppliedData()
#5 /Applications/XAMPP/xamppfiles/htdocs/futureseekerslk/system/CodeIgniter.php(436): CodeIgniter\CodeIgniter->runController(Object(App\Controllers\AdminHome))
#6 /Applications/XAMPP/xamppfiles/htdocs/futureseekerslk/system/CodeIgniter.php(336): CodeIgniter\CodeIgniter->handleRequest(NULL, Object(Config\Cache), false)
#7 /Applications/XAMPP/xamppfiles/htdocs/futureseekerslk/public/index.php(37): CodeIgniter\CodeIgniter->run()
#8 /Applications/XAMPP/xamppfiles/htdocs/futureseekerslk/system/Commands/Server/rewrite.php(45): require_once('/Applications/X...')
#9 {main}
ERROR - 2021-12-24 04:56:06 --> You have an error in your SQL syntax; check the manual that corresponds to your MariaDB server version for the right syntax to use near '.name as ApplicantName
      from jobseeker_jobdetails
      join job_seeker on ' at line 4
CRITICAL - 2021-12-24 04:56:06 --> You have an error in your SQL syntax; check the manual that corresponds to your MariaDB server version for the right syntax to use near '.name as ApplicantName
      from jobseeker_jobdetails
      join job_seeker on ' at line 4
#0 /Applications/XAMPP/xamppfiles/htdocs/futureseekerslk/system/Database/MySQLi/Connection.php(329): mysqli->query('SELECT Applican...')
#1 /Applications/XAMPP/xamppfiles/htdocs/futureseekerslk/system/Database/BaseConnection.php(732): CodeIgniter\Database\MySQLi\Connection->execute('SELECT Applican...')
#2 /Applications/XAMPP/xamppfiles/htdocs/futureseekerslk/system/Database/BaseConnection.php(647): CodeIgniter\Database\BaseConnection->simpleQuery('SELECT Applican...')
#3 /Applications/XAMPP/xamppfiles/htdocs/futureseekerslk/app/Controllers/AdminHome.php(109): CodeIgniter\Database\BaseConnection->query('SELECT Applican...')
#4 /Applications/XAMPP/xamppfiles/htdocs/futureseekerslk/system/CodeIgniter.php(928): App\Controllers\AdminHome->GenerateTopApplicantsAppliedData()
#5 /Applications/XAMPP/xamppfiles/htdocs/futureseekerslk/system/CodeIgniter.php(436): CodeIgniter\CodeIgniter->runController(Object(App\Controllers\AdminHome))
#6 /Applications/XAMPP/xamppfiles/htdocs/futureseekerslk/system/CodeIgniter.php(336): CodeIgniter\CodeIgniter->handleRequest(NULL, Object(Config\Cache), false)
#7 /Applications/XAMPP/xamppfiles/htdocs/futureseekerslk/public/index.php(37): CodeIgniter\CodeIgniter->run()
#8 /Applications/XAMPP/xamppfiles/htdocs/futureseekerslk/system/Commands/Server/rewrite.php(45): require_once('/Applications/X...')
#9 {main}
ERROR - 2021-12-24 04:56:20 --> You have an error in your SQL syntax; check the manual that corresponds to your MariaDB server version for the right syntax to use near '.name as ApplicantName
      from jobseeker_jobdetails
      join job_seeker on ' at line 4
CRITICAL - 2021-12-24 04:56:20 --> You have an error in your SQL syntax; check the manual that corresponds to your MariaDB server version for the right syntax to use near '.name as ApplicantName
      from jobseeker_jobdetails
      join job_seeker on ' at line 4
#0 /Applications/XAMPP/xamppfiles/htdocs/futureseekerslk/system/Database/MySQLi/Connection.php(329): mysqli->query('SELECT Applican...')
#1 /Applications/XAMPP/xamppfiles/htdocs/futureseekerslk/system/Database/BaseConnection.php(732): CodeIgniter\Database\MySQLi\Connection->execute('SELECT Applican...')
#2 /Applications/XAMPP/xamppfiles/htdocs/futureseekerslk/system/Database/BaseConnection.php(647): CodeIgniter\Database\BaseConnection->simpleQuery('SELECT Applican...')
#3 /Applications/XAMPP/xamppfiles/htdocs/futureseekerslk/app/Controllers/AdminHome.php(110): CodeIgniter\Database\BaseConnection->query('SELECT Applican...')
#4 /Applications/XAMPP/xamppfiles/htdocs/futureseekerslk/system/CodeIgniter.php(928): App\Controllers\AdminHome->GenerateTopApplicantsAppliedData()
#5 /Applications/XAMPP/xamppfiles/htdocs/futureseekerslk/system/CodeIgniter.php(436): CodeIgniter\CodeIgniter->runController(Object(App\Controllers\AdminHome))
#6 /Applications/XAMPP/xamppfiles/htdocs/futureseekerslk/system/CodeIgniter.php(336): CodeIgniter\CodeIgniter->handleRequest(NULL, Object(Config\Cache), false)
#7 /Applications/XAMPP/xamppfiles/htdocs/futureseekerslk/public/index.php(37): CodeIgniter\CodeIgniter->run()
#8 /Applications/XAMPP/xamppfiles/htdocs/futureseekerslk/system/Commands/Server/rewrite.php(45): require_once('/Applications/X...')
#9 {main}
CRITICAL - 2021-12-24 05:29:44 --> Undefined array key "selected_val"
#0 /Applications/XAMPP/xamppfiles/htdocs/futureseekerslk/app/Controllers/MyJobsEmployer.php(302): CodeIgniter\Debug\Exceptions->errorHandler(2, 'Undefined array...', '/Applications/X...', 302)
#1 /Applications/XAMPP/xamppfiles/htdocs/futureseekerslk/system/CodeIgniter.php(928): App\Controllers\MyJobsEmployer->GenerateMostAppliedJobAdvertReport()
#2 /Applications/XAMPP/xamppfiles/htdocs/futureseekerslk/system/CodeIgniter.php(436): CodeIgniter\CodeIgniter->runController(Object(App\Controllers\MyJobsEmployer))
#3 /Applications/XAMPP/xamppfiles/htdocs/futureseekerslk/system/CodeIgniter.php(336): CodeIgniter\CodeIgniter->handleRequest(NULL, Object(Config\Cache), false)
#4 /Applications/XAMPP/xamppfiles/htdocs/futureseekerslk/public/index.php(37): CodeIgniter\CodeIgniter->run()
#5 /Applications/XAMPP/xamppfiles/htdocs/futureseekerslk/system/Commands/Server/rewrite.php(45): require_once('/Applications/X...')
#6 {main}
CRITICAL - 2021-12-24 05:29:52 --> Undefined array key "selected_val"
#0 /Applications/XAMPP/xamppfiles/htdocs/futureseekerslk/app/Controllers/MyJobsEmployer.php(302): CodeIgniter\Debug\Exceptions->errorHandler(2, 'Undefined array...', '/Applications/X...', 302)
#1 /Applications/XAMPP/xamppfiles/htdocs/futureseekerslk/system/CodeIgniter.php(928): App\Controllers\MyJobsEmployer->GenerateMostAppliedJobAdvertReport()
#2 /Applications/XAMPP/xamppfiles/htdocs/futureseekerslk/system/CodeIgniter.php(436): CodeIgniter\CodeIgniter->runController(Object(App\Controllers\MyJobsEmployer))
#3 /Applications/XAMPP/xamppfiles/htdocs/futureseekerslk/system/CodeIgniter.php(336): CodeIgniter\CodeIgniter->handleRequest(NULL, Object(Config\Cache), false)
#4 /Applications/XAMPP/xamppfiles/htdocs/futureseekerslk/public/index.php(37): CodeIgniter\CodeIgniter->run()
#5 /Applications/XAMPP/xamppfiles/htdocs/futureseekerslk/system/Commands/Server/rewrite.php(45): require_once('/Applications/X...')
#6 {main}
CRITICAL - 2021-12-24 05:49:32 --> Undefined array key "selected_val"
#0 /Applications/XAMPP/xamppfiles/htdocs/futureseekerslk/app/Controllers/MyJobsEmployer.php(302): CodeIgniter\Debug\Exceptions->errorHandler(2, 'Undefined array...', '/Applications/X...', 302)
#1 /Applications/XAMPP/xamppfiles/htdocs/futureseekerslk/system/CodeIgniter.php(928): App\Controllers\MyJobsEmployer->GenerateMostAppliedJobAdvertReport()
#2 /Applications/XAMPP/xamppfiles/htdocs/futureseekerslk/system/CodeIgniter.php(436): CodeIgniter\CodeIgniter->runController(Object(App\Controllers\MyJobsEmployer))
#3 /Applications/XAMPP/xamppfiles/htdocs/futureseekerslk/system/CodeIgniter.php(336): CodeIgniter\CodeIgniter->handleRequest(NULL, Object(Config\Cache), false)
#4 /Applications/XAMPP/xamppfiles/htdocs/futureseekerslk/public/index.php(37): CodeIgniter\CodeIgniter->run()
#5 /Applications/XAMPP/xamppfiles/htdocs/futureseekerslk/system/Commands/Server/rewrite.php(45): require_once('/Applications/X...')
#6 {main}
CRITICAL - 2021-12-24 05:49:36 --> Undefined array key "selected_val"
#0 /Applications/XAMPP/xamppfiles/htdocs/futureseekerslk/app/Controllers/MyJobsEmployer.php(302): CodeIgniter\Debug\Exceptions->errorHandler(2, 'Undefined array...', '/Applications/X...', 302)
#1 /Applications/XAMPP/xamppfiles/htdocs/futureseekerslk/system/CodeIgniter.php(928): App\Controllers\MyJobsEmployer->GenerateMostAppliedJobAdvertReport()
#2 /Applications/XAMPP/xamppfiles/htdocs/futureseekerslk/system/CodeIgniter.php(436): CodeIgniter\CodeIgniter->runController(Object(App\Controllers\MyJobsEmployer))
#3 /Applications/XAMPP/xamppfiles/htdocs/futureseekerslk/system/CodeIgniter.php(336): CodeIgniter\CodeIgniter->handleRequest(NULL, Object(Config\Cache), false)
#4 /Applications/XAMPP/xamppfiles/htdocs/futureseekerslk/public/index.php(37): CodeIgniter\CodeIgniter->run()
#5 /Applications/XAMPP/xamppfiles/htdocs/futureseekerslk/system/Commands/Server/rewrite.php(45): require_once('/Applications/X...')
#6 {main}
CRITICAL - 2021-12-24 06:26:07 --> Undefined array key "selected_val"
#0 /Applications/XAMPP/xamppfiles/htdocs/futureseekerslk/app/Controllers/MyJobsEmployer.php(302): CodeIgniter\Debug\Exceptions->errorHandler(2, 'Undefined array...', '/Applications/X...', 302)
#1 /Applications/XAMPP/xamppfiles/htdocs/futureseekerslk/system/CodeIgniter.php(928): App\Controllers\MyJobsEmployer->GenerateMostAppliedJobAdvertReport()
#2 /Applications/XAMPP/xamppfiles/htdocs/futureseekerslk/system/CodeIgniter.php(436): CodeIgniter\CodeIgniter->runController(Object(App\Controllers\MyJobsEmployer))
#3 /Applications/XAMPP/xamppfiles/htdocs/futureseekerslk/system/CodeIgniter.php(336): CodeIgniter\CodeIgniter->handleRequest(NULL, Object(Config\Cache), false)
#4 /Applications/XAMPP/xamppfiles/htdocs/futureseekerslk/public/index.php(37): CodeIgniter\CodeIgniter->run()
#5 /Applications/XAMPP/xamppfiles/htdocs/futureseekerslk/system/Commands/Server/rewrite.php(45): require_once('/Applications/X...')
#6 {main}
CRITICAL - 2021-12-24 06:26:11 --> Undefined array key "selected_val"
#0 /Applications/XAMPP/xamppfiles/htdocs/futureseekerslk/app/Controllers/MyJobsEmployer.php(302): CodeIgniter\Debug\Exceptions->errorHandler(2, 'Undefined array...', '/Applications/X...', 302)
#1 /Applications/XAMPP/xamppfiles/htdocs/futureseekerslk/system/CodeIgniter.php(928): App\Controllers\MyJobsEmployer->GenerateMostAppliedJobAdvertReport()
#2 /Applications/XAMPP/xamppfiles/htdocs/futureseekerslk/system/CodeIgniter.php(436): CodeIgniter\CodeIgniter->runController(Object(App\Controllers\MyJobsEmployer))
#3 /Applications/XAMPP/xamppfiles/htdocs/futureseekerslk/system/CodeIgniter.php(336): CodeIgniter\CodeIgniter->handleRequest(NULL, Object(Config\Cache), false)
#4 /Applications/XAMPP/xamppfiles/htdocs/futureseekerslk/public/index.php(37): CodeIgniter\CodeIgniter->run()
#5 /Applications/XAMPP/xamppfiles/htdocs/futureseekerslk/system/Commands/Server/rewrite.php(45): require_once('/Applications/X...')
#6 {main}
CRITICAL - 2021-12-24 06:26:16 --> Undefined array key "selected_val"
#0 /Applications/XAMPP/xamppfiles/htdocs/futureseekerslk/app/Controllers/MyJobsEmployer.php(302): CodeIgniter\Debug\Exceptions->errorHandler(2, 'Undefined array...', '/Applications/X...', 302)
#1 /Applications/XAMPP/xamppfiles/htdocs/futureseekerslk/system/CodeIgniter.php(928): App\Controllers\MyJobsEmployer->GenerateMostAppliedJobAdvertReport()
#2 /Applications/XAMPP/xamppfiles/htdocs/futureseekerslk/system/CodeIgniter.php(436): CodeIgniter\CodeIgniter->runController(Object(App\Controllers\MyJobsEmployer))
#3 /Applications/XAMPP/xamppfiles/htdocs/futureseekerslk/system/CodeIgniter.php(336): CodeIgniter\CodeIgniter->handleRequest(NULL, Object(Config\Cache), false)
#4 /Applications/XAMPP/xamppfiles/htdocs/futureseekerslk/public/index.php(37): CodeIgniter\CodeIgniter->run()
#5 /Applications/XAMPP/xamppfiles/htdocs/futureseekerslk/system/Commands/Server/rewrite.php(45): require_once('/Applications/X...')
#6 {main}
CRITICAL - 2021-12-24 06:26:18 --> Undefined array key "selected_val"
#0 /Applications/XAMPP/xamppfiles/htdocs/futureseekerslk/app/Controllers/MyJobsEmployer.php(302): CodeIgniter\Debug\Exceptions->errorHandler(2, 'Undefined array...', '/Applications/X...', 302)
#1 /Applications/XAMPP/xamppfiles/htdocs/futureseekerslk/system/CodeIgniter.php(928): App\Controllers\MyJobsEmployer->GenerateMostAppliedJobAdvertReport()
#2 /Applications/XAMPP/xamppfiles/htdocs/futureseekerslk/system/CodeIgniter.php(436): CodeIgniter\CodeIgniter->runController(Object(App\Controllers\MyJobsEmployer))
#3 /Applications/XAMPP/xamppfiles/htdocs/futureseekerslk/system/CodeIgniter.php(336): CodeIgniter\CodeIgniter->handleRequest(NULL, Object(Config\Cache), false)
#4 /Applications/XAMPP/xamppfiles/htdocs/futureseekerslk/public/index.php(37): CodeIgniter\CodeIgniter->run()
#5 /Applications/XAMPP/xamppfiles/htdocs/futureseekerslk/system/Commands/Server/rewrite.php(45): require_once('/Applications/X...')
#6 {main}
CRITICAL - 2021-12-24 06:26:36 --> Undefined array key "selected_val"
#0 /Applications/XAMPP/xamppfiles/htdocs/futureseekerslk/app/Controllers/MyJobsEmployer.php(302): CodeIgniter\Debug\Exceptions->errorHandler(2, 'Undefined array...', '/Applications/X...', 302)
#1 /Applications/XAMPP/xamppfiles/htdocs/futureseekerslk/system/CodeIgniter.php(928): App\Controllers\MyJobsEmployer->GenerateMostAppliedJobAdvertReport()
#2 /Applications/XAMPP/xamppfiles/htdocs/futureseekerslk/system/CodeIgniter.php(436): CodeIgniter\CodeIgniter->runController(Object(App\Controllers\MyJobsEmployer))
#3 /Applications/XAMPP/xamppfiles/htdocs/futureseekerslk/system/CodeIgniter.php(336): CodeIgniter\CodeIgniter->handleRequest(NULL, Object(Config\Cache), false)
#4 /Applications/XAMPP/xamppfiles/htdocs/futureseekerslk/public/index.php(37): CodeIgniter\CodeIgniter->run()
#5 /Applications/XAMPP/xamppfiles/htdocs/futureseekerslk/system/Commands/Server/rewrite.php(45): require_once('/Applications/X...')
#6 {main}
