CRITICAL - 2021-12-17 04:13:44 --> Undefined variable $search_res
#0 /Applications/XAMPP/xamppfiles/htdocs/futureseekerslk/app/Controllers/MyInbox.php(59): CodeIgniter\Debug\Exceptions->errorHandler(2, 'Undefined varia...', '/Applications/X...', 59)
#1 /Applications/XAMPP/xamppfiles/htdocs/futureseekerslk/app/Controllers/MyInbox.php(27): App\Controllers\MyInbox->ViewJobAdverts('43')
#2 /Applications/XAMPP/xamppfiles/htdocs/futureseekerslk/system/CodeIgniter.php(928): App\Controllers\MyInbox->index()
#3 /Applications/XAMPP/xamppfiles/htdocs/futureseekerslk/system/CodeIgniter.php(436): CodeIgniter\CodeIgniter->runController(Object(App\Controllers\MyInbox))
#4 /Applications/XAMPP/xamppfiles/htdocs/futureseekerslk/system/CodeIgniter.php(336): CodeIgniter\CodeIgniter->handleRequest(NULL, Object(Config\Cache), false)
#5 /Applications/XAMPP/xamppfiles/htdocs/futureseekerslk/public/index.php(37): CodeIgniter\CodeIgniter->run()
#6 /Applications/XAMPP/xamppfiles/htdocs/futureseekerslk/system/Commands/Server/rewrite.php(45): require_once('/Applications/X...')
#7 {main}
CRITICAL - 2021-12-17 04:42:25 --> Undefined variable $is_shortlisted
#0 /Applications/XAMPP/xamppfiles/htdocs/futureseekerslk/app/Views/ApplicantMyInbox/index.php(245): CodeIgniter\Debug\Exceptions->errorHandler(2, 'Undefined varia...', '/Applications/X...', 245)
#1 /Applications/XAMPP/xamppfiles/htdocs/futureseekerslk/system/View/View.php(230): include('/Applications/X...')
#2 /Applications/XAMPP/xamppfiles/htdocs/futureseekerslk/system/View/View.php(232): CodeIgniter\View\View->CodeIgniter\View\{closure}()
#3 /Applications/XAMPP/xamppfiles/htdocs/futureseekerslk/system/Common.php(1271): CodeIgniter\View\View->render('ApplicantMyInbo...', Array, true)
#4 /Applications/XAMPP/xamppfiles/htdocs/futureseekerslk/app/Controllers/MyInbox.php(29): view('ApplicantMyInbo...', Array)
#5 /Applications/XAMPP/xamppfiles/htdocs/futureseekerslk/system/CodeIgniter.php(928): App\Controllers\MyInbox->index()
#6 /Applications/XAMPP/xamppfiles/htdocs/futureseekerslk/system/CodeIgniter.php(436): CodeIgniter\CodeIgniter->runController(Object(App\Controllers\MyInbox))
#7 /Applications/XAMPP/xamppfiles/htdocs/futureseekerslk/system/CodeIgniter.php(336): CodeIgniter\CodeIgniter->handleRequest(NULL, Object(Config\Cache), false)
#8 /Applications/XAMPP/xamppfiles/htdocs/futureseekerslk/public/index.php(37): CodeIgniter\CodeIgniter->run()
#9 /Applications/XAMPP/xamppfiles/htdocs/futureseekerslk/system/Commands/Server/rewrite.php(45): require_once('/Applications/X...')
#10 {main}
CRITICAL - 2021-12-17 05:29:43 --> Unsupported operand types: string + string
#0 /Applications/XAMPP/xamppfiles/htdocs/futureseekerslk/app/Controllers/MyInbox.php(84): App\Controllers\MyInbox->GenerateInvitation(Object(stdClass))
#1 /Applications/XAMPP/xamppfiles/htdocs/futureseekerslk/app/Controllers/MyInbox.php(27): App\Controllers\MyInbox->ViewJobAdverts('43')
#2 /Applications/XAMPP/xamppfiles/htdocs/futureseekerslk/system/CodeIgniter.php(928): App\Controllers\MyInbox->index()
#3 /Applications/XAMPP/xamppfiles/htdocs/futureseekerslk/system/CodeIgniter.php(436): CodeIgniter\CodeIgniter->runController(Object(App\Controllers\MyInbox))
#4 /Applications/XAMPP/xamppfiles/htdocs/futureseekerslk/system/CodeIgniter.php(336): CodeIgniter\CodeIgniter->handleRequest(NULL, Object(Config\Cache), false)
#5 /Applications/XAMPP/xamppfiles/htdocs/futureseekerslk/public/index.php(37): CodeIgniter\CodeIgniter->run()
#6 /Applications/XAMPP/xamppfiles/htdocs/futureseekerslk/system/Commands/Server/rewrite.php(45): require_once('/Applications/X...')
#7 {main}
CRITICAL - 2021-12-17 05:56:19 --> Undefined variable $invitation
#0 /Applications/XAMPP/xamppfiles/htdocs/futureseekerslk/app/Views/ApplicantMyInbox/index.php(315): CodeIgniter\Debug\Exceptions->errorHandler(2, 'Undefined varia...', '/Applications/X...', 315)
#1 /Applications/XAMPP/xamppfiles/htdocs/futureseekerslk/system/View/View.php(230): include('/Applications/X...')
#2 /Applications/XAMPP/xamppfiles/htdocs/futureseekerslk/system/View/View.php(232): CodeIgniter\View\View->CodeIgniter\View\{closure}()
#3 /Applications/XAMPP/xamppfiles/htdocs/futureseekerslk/system/Common.php(1271): CodeIgniter\View\View->render('ApplicantMyInbo...', Array, true)
#4 /Applications/XAMPP/xamppfiles/htdocs/futureseekerslk/app/Controllers/MyInbox.php(29): view('ApplicantMyInbo...', Array)
#5 /Applications/XAMPP/xamppfiles/htdocs/futureseekerslk/system/CodeIgniter.php(928): App\Controllers\MyInbox->index()
#6 /Applications/XAMPP/xamppfiles/htdocs/futureseekerslk/system/CodeIgniter.php(436): CodeIgniter\CodeIgniter->runController(Object(App\Controllers\MyInbox))
#7 /Applications/XAMPP/xamppfiles/htdocs/futureseekerslk/system/CodeIgniter.php(336): CodeIgniter\CodeIgniter->handleRequest(NULL, Object(Config\Cache), false)
#8 /Applications/XAMPP/xamppfiles/htdocs/futureseekerslk/public/index.php(37): CodeIgniter\CodeIgniter->run()
#9 /Applications/XAMPP/xamppfiles/htdocs/futureseekerslk/system/Commands/Server/rewrite.php(45): require_once('/Applications/X...')
#10 {main}
CRITICAL - 2021-12-17 05:56:21 --> Undefined variable $invitation
#0 /Applications/XAMPP/xamppfiles/htdocs/futureseekerslk/app/Views/ApplicantMyInbox/index.php(315): CodeIgniter\Debug\Exceptions->errorHandler(2, 'Undefined varia...', '/Applications/X...', 315)
#1 /Applications/XAMPP/xamppfiles/htdocs/futureseekerslk/system/View/View.php(230): include('/Applications/X...')
#2 /Applications/XAMPP/xamppfiles/htdocs/futureseekerslk/system/View/View.php(232): CodeIgniter\View\View->CodeIgniter\View\{closure}()
#3 /Applications/XAMPP/xamppfiles/htdocs/futureseekerslk/system/Common.php(1271): CodeIgniter\View\View->render('ApplicantMyInbo...', Array, true)
#4 /Applications/XAMPP/xamppfiles/htdocs/futureseekerslk/app/Controllers/MyInbox.php(29): view('ApplicantMyInbo...', Array)
#5 /Applications/XAMPP/xamppfiles/htdocs/futureseekerslk/system/CodeIgniter.php(928): App\Controllers\MyInbox->index()
#6 /Applications/XAMPP/xamppfiles/htdocs/futureseekerslk/system/CodeIgniter.php(436): CodeIgniter\CodeIgniter->runController(Object(App\Controllers\MyInbox))
#7 /Applications/XAMPP/xamppfiles/htdocs/futureseekerslk/system/CodeIgniter.php(336): CodeIgniter\CodeIgniter->handleRequest(NULL, Object(Config\Cache), false)
#8 /Applications/XAMPP/xamppfiles/htdocs/futureseekerslk/public/index.php(37): CodeIgniter\CodeIgniter->run()
#9 /Applications/XAMPP/xamppfiles/htdocs/futureseekerslk/system/Commands/Server/rewrite.php(45): require_once('/Applications/X...')
#10 {main}
CRITICAL - 2021-12-17 06:11:00 --> Array to string conversion
#0 /Applications/XAMPP/xamppfiles/htdocs/futureseekerslk/app/Views/ApplicantMyInbox/index.php(242): CodeIgniter\Debug\Exceptions->errorHandler(2, 'Array to string...', '/Applications/X...', 242)
#1 /Applications/XAMPP/xamppfiles/htdocs/futureseekerslk/system/View/View.php(230): include('/Applications/X...')
#2 /Applications/XAMPP/xamppfiles/htdocs/futureseekerslk/system/View/View.php(232): CodeIgniter\View\View->CodeIgniter\View\{closure}()
#3 /Applications/XAMPP/xamppfiles/htdocs/futureseekerslk/system/Common.php(1271): CodeIgniter\View\View->render('ApplicantMyInbo...', Array, true)
#4 /Applications/XAMPP/xamppfiles/htdocs/futureseekerslk/app/Controllers/MyInbox.php(29): view('ApplicantMyInbo...', Array)
#5 /Applications/XAMPP/xamppfiles/htdocs/futureseekerslk/system/CodeIgniter.php(928): App\Controllers\MyInbox->index()
#6 /Applications/XAMPP/xamppfiles/htdocs/futureseekerslk/system/CodeIgniter.php(436): CodeIgniter\CodeIgniter->runController(Object(App\Controllers\MyInbox))
#7 /Applications/XAMPP/xamppfiles/htdocs/futureseekerslk/system/CodeIgniter.php(336): CodeIgniter\CodeIgniter->handleRequest(NULL, Object(Config\Cache), false)
#8 /Applications/XAMPP/xamppfiles/htdocs/futureseekerslk/public/index.php(37): CodeIgniter\CodeIgniter->run()
#9 /Applications/XAMPP/xamppfiles/htdocs/futureseekerslk/system/Commands/Server/rewrite.php(45): require_once('/Applications/X...')
#10 {main}
CRITICAL - 2021-12-17 06:11:15 --> Array to string conversion
#0 /Applications/XAMPP/xamppfiles/htdocs/futureseekerslk/app/Views/ApplicantMyInbox/index.php(242): CodeIgniter\Debug\Exceptions->errorHandler(2, 'Array to string...', '/Applications/X...', 242)
#1 /Applications/XAMPP/xamppfiles/htdocs/futureseekerslk/system/View/View.php(230): include('/Applications/X...')
#2 /Applications/XAMPP/xamppfiles/htdocs/futureseekerslk/system/View/View.php(232): CodeIgniter\View\View->CodeIgniter\View\{closure}()
#3 /Applications/XAMPP/xamppfiles/htdocs/futureseekerslk/system/Common.php(1271): CodeIgniter\View\View->render('ApplicantMyInbo...', Array, true)
#4 /Applications/XAMPP/xamppfiles/htdocs/futureseekerslk/app/Controllers/MyInbox.php(29): view('ApplicantMyInbo...', Array)
#5 /Applications/XAMPP/xamppfiles/htdocs/futureseekerslk/system/CodeIgniter.php(928): App\Controllers\MyInbox->index()
#6 /Applications/XAMPP/xamppfiles/htdocs/futureseekerslk/system/CodeIgniter.php(436): CodeIgniter\CodeIgniter->runController(Object(App\Controllers\MyInbox))
#7 /Applications/XAMPP/xamppfiles/htdocs/futureseekerslk/system/CodeIgniter.php(336): CodeIgniter\CodeIgniter->handleRequest(NULL, Object(Config\Cache), false)
#8 /Applications/XAMPP/xamppfiles/htdocs/futureseekerslk/public/index.php(37): CodeIgniter\CodeIgniter->run()
#9 /Applications/XAMPP/xamppfiles/htdocs/futureseekerslk/system/Commands/Server/rewrite.php(45): require_once('/Applications/X...')
#10 {main}
CRITICAL - 2021-12-17 06:11:34 --> Array to string conversion
#0 /Applications/XAMPP/xamppfiles/htdocs/futureseekerslk/app/Views/ApplicantMyInbox/index.php(242): CodeIgniter\Debug\Exceptions->errorHandler(2, 'Array to string...', '/Applications/X...', 242)
#1 /Applications/XAMPP/xamppfiles/htdocs/futureseekerslk/system/View/View.php(230): include('/Applications/X...')
#2 /Applications/XAMPP/xamppfiles/htdocs/futureseekerslk/system/View/View.php(232): CodeIgniter\View\View->CodeIgniter\View\{closure}()
#3 /Applications/XAMPP/xamppfiles/htdocs/futureseekerslk/system/Common.php(1271): CodeIgniter\View\View->render('ApplicantMyInbo...', Array, true)
#4 /Applications/XAMPP/xamppfiles/htdocs/futureseekerslk/app/Controllers/MyInbox.php(29): view('ApplicantMyInbo...', Array)
#5 /Applications/XAMPP/xamppfiles/htdocs/futureseekerslk/system/CodeIgniter.php(928): App\Controllers\MyInbox->index()
#6 /Applications/XAMPP/xamppfiles/htdocs/futureseekerslk/system/CodeIgniter.php(436): CodeIgniter\CodeIgniter->runController(Object(App\Controllers\MyInbox))
#7 /Applications/XAMPP/xamppfiles/htdocs/futureseekerslk/system/CodeIgniter.php(336): CodeIgniter\CodeIgniter->handleRequest(NULL, Object(Config\Cache), false)
#8 /Applications/XAMPP/xamppfiles/htdocs/futureseekerslk/public/index.php(37): CodeIgniter\CodeIgniter->run()
#9 /Applications/XAMPP/xamppfiles/htdocs/futureseekerslk/system/Commands/Server/rewrite.php(45): require_once('/Applications/X...')
#10 {main}
CRITICAL - 2021-12-17 06:11:35 --> Array to string conversion
#0 /Applications/XAMPP/xamppfiles/htdocs/futureseekerslk/app/Views/ApplicantMyInbox/index.php(242): CodeIgniter\Debug\Exceptions->errorHandler(2, 'Array to string...', '/Applications/X...', 242)
#1 /Applications/XAMPP/xamppfiles/htdocs/futureseekerslk/system/View/View.php(230): include('/Applications/X...')
#2 /Applications/XAMPP/xamppfiles/htdocs/futureseekerslk/system/View/View.php(232): CodeIgniter\View\View->CodeIgniter\View\{closure}()
#3 /Applications/XAMPP/xamppfiles/htdocs/futureseekerslk/system/Common.php(1271): CodeIgniter\View\View->render('ApplicantMyInbo...', Array, true)
#4 /Applications/XAMPP/xamppfiles/htdocs/futureseekerslk/app/Controllers/MyInbox.php(29): view('ApplicantMyInbo...', Array)
#5 /Applications/XAMPP/xamppfiles/htdocs/futureseekerslk/system/CodeIgniter.php(928): App\Controllers\MyInbox->index()
#6 /Applications/XAMPP/xamppfiles/htdocs/futureseekerslk/system/CodeIgniter.php(436): CodeIgniter\CodeIgniter->runController(Object(App\Controllers\MyInbox))
#7 /Applications/XAMPP/xamppfiles/htdocs/futureseekerslk/system/CodeIgniter.php(336): CodeIgniter\CodeIgniter->handleRequest(NULL, Object(Config\Cache), false)
#8 /Applications/XAMPP/xamppfiles/htdocs/futureseekerslk/public/index.php(37): CodeIgniter\CodeIgniter->run()
#9 /Applications/XAMPP/xamppfiles/htdocs/futureseekerslk/system/Commands/Server/rewrite.php(45): require_once('/Applications/X...')
#10 {main}
